Start testing: Jun 19 13:54 W. Europe Daylight Time
----------------------------------------------------------
1/1 Testing: run_doctest_all
1/1 Test: run_doctest_all
Command: "D:/C++/Covid/repo-rohit-dahiya-3da7-hpc-programming-lab/part_1_disease/build/all_tests.exe"
Directory: D:/C++/Covid/repo-rohit-dahiya-3da7-hpc-programming-lab/part_1_disease/build
"run_doctest_all" start time: Jun 19 13:54 W. Europe Daylight Time
Output:
----------------------------------------------------------
[doctest] doctest version is "2.4.11"
[doctest] run with "--help" for options
===============================================================================
[doctest] test cases: 17 | 17 passed | 0 failed | 0 skipped
[doctest] assertions: 30 | 30 passed | 0 failed |
[doctest] Status: SUCCESS!
<end of output>
Test time =   0.07 sec
----------------------------------------------------------
Test Passed.
"run_doctest_all" end time: Jun 19 13:54 W. Europe Daylight Time
"run_doctest_all" time elapsed: 00:00:00
----------------------------------------------------------

End testing: Jun 19 13:54 W. Europe Daylight Time
